0 info it worked if it ends with ok
1 verbose cli [ '/Users/chriz/.nvm/versions/node/v5.10.1/bin/node',
1 verbose cli   '/Users/chriz/.nvm/versions/node/v5.10.1/bin/npm',
1 verbose cli   'publish' ]
2 info using npm@3.8.3
3 info using node@v5.10.1
4 verbose publish [ '.' ]
5 silly cache add args [ '.', null ]
6 verbose cache add spec .
7 silly cache add parsed spec Result {
7 silly cache add   raw: '.',
7 silly cache add   scope: null,
7 silly cache add   name: null,
7 silly cache add   rawSpec: '.',
7 silly cache add   spec: '/Users/chriz/Desktop/work/hbg-duration-parser',
7 silly cache add   type: 'directory' }
8 verbose addLocalDirectory /Users/chriz/.npm/@hbg-digital/duration-parser/1.0.0/package.tgz not in flight; packing
9 verbose correctMkdir /Users/chriz/.npm correctMkdir not in flight; initializing
10 info lifecycle @hbg-digital/duration-parser@1.0.0~prepublish: @hbg-digital/duration-parser@1.0.0
11 silly lifecycle @hbg-digital/duration-parser@1.0.0~prepublish: no script for prepublish, continuing
12 verbose tar pack [ '/Users/chriz/.npm/@hbg-digital/duration-parser/1.0.0/package.tgz',
12 verbose tar pack   '/Users/chriz/Desktop/work/hbg-duration-parser' ]
13 verbose tarball /Users/chriz/.npm/@hbg-digital/duration-parser/1.0.0/package.tgz
14 verbose folder /Users/chriz/Desktop/work/hbg-duration-parser
15 verbose addLocalTarball adding from inside cache /Users/chriz/.npm/@hbg-digital/duration-parser/1.0.0/package.tgz
16 verbose correctMkdir /Users/chriz/.npm correctMkdir not in flight; initializing
17 silly cache afterAdd @hbg-digital/duration-parser@1.0.0
18 verbose afterAdd /Users/chriz/.npm/@hbg-digital/duration-parser/1.0.0/package/package.json not in flight; writing
19 verbose correctMkdir /Users/chriz/.npm correctMkdir not in flight; initializing
20 verbose afterAdd /Users/chriz/.npm/@hbg-digital/duration-parser/1.0.0/package/package.json written
21 silly publish { name: '@hbg-digital/duration-parser',
21 silly publish   version: '1.0.0',
21 silly publish   description: 'Methods for working with HBG duration objects.',
21 silly publish   main: 'dist/durationParser.js',
21 silly publish   scripts:
21 silly publish    { test: 'mocha --compilers js:babel-core/register --recursive',
21 silly publish      'test:watch': 'npm test -- --watch' },
21 silly publish   repository:
21 silly publish    { type: 'git',
21 silly publish      url: 'git+https://github.com/chrmitchell/hbg-duration-parser.git' },
21 silly publish   keywords: [ 'hbg', 'duration' ],
21 silly publish   author: { name: 'Chris Mitchell', email: 'Chris.Mitchell@hbgusa.com' },
21 silly publish   license: 'MIT',
21 silly publish   bugs: { url: 'https://github.com/chrmitchell/hbg-duration-parser/issues' },
21 silly publish   homepage: 'https://github.com/chrmitchell/hbg-duration-parser#readme',
21 silly publish   devDependencies:
21 silly publish    { 'babel-preset-es2015': '^6.6.0',
21 silly publish      'babel-preset-stage-0': '^6.5.0',
21 silly publish      expect: '^1.14.0',
21 silly publish      gulp: '^3.9.1',
21 silly publish      'gulp-babel': '^6.1.2',
21 silly publish      'gulp-uglify': '^1.5.3',
21 silly publish      'gulp-watch': '^4.3.5',
21 silly publish      mocha: '^2.4.5' },
21 silly publish   dependencies: { underscore: '^1.8.3' },
21 silly publish   readme: '[![Build Status](https://travis-ci.org/chrmitchell/hbg-duration-parser.svg?branch=master)](https://travis-ci.org/chrmitchell/hbg-duration-parser)\n\n\nHBG Duration Parser\n=========\n\n\nMethods for converting to and from strings and HBG duration objects.\n\n\n## Installation\n\n  `npm install @chris_mitchell_hbg/duration-parser`\n\n## Usage\n\n    var durationParser = require(\'@chris_mitchell_hbg/duration-parser\');\n    var duration = durationParser.durationToDisplayString({hours: 3, minutes: 10}) // \'3h:10m\'\n\n## Tests\n\n  `npm test` or `npm run test:watch`\n',
21 silly publish   readmeFilename: 'README.md',
21 silly publish   gitHead: '8546f035c727a092cf6b5cfe6874ff03f652d410',
21 silly publish   _id: '@hbg-digital/duration-parser@1.0.0',
21 silly publish   _shasum: '1f8d4ca55065b6b571f7a046d210e818c7bc5b11',
21 silly publish   _from: '.' }
22 verbose getPublishConfig undefined
23 silly mapToRegistry name @hbg-digital/duration-parser
24 silly mapToRegistry scope (from package name) @hbg-digital
25 verbose mapToRegistry no registry URL found in name for scope @hbg-digital
26 silly mapToRegistry using default registry
27 silly mapToRegistry registry https://registry.npmjs.org/
28 silly mapToRegistry data Result {
28 silly mapToRegistry   raw: '@hbg-digital/duration-parser',
28 silly mapToRegistry   scope: '@hbg-digital',
28 silly mapToRegistry   name: '@hbg-digital/duration-parser',
28 silly mapToRegistry   rawSpec: '',
28 silly mapToRegistry   spec: 'latest',
28 silly mapToRegistry   type: 'tag' }
29 silly mapToRegistry uri https://registry.npmjs.org/@hbg-digital%2fduration-parser
30 verbose publish registryBase https://registry.npmjs.org/
31 silly publish uploading /Users/chriz/.npm/@hbg-digital/duration-parser/1.0.0/package.tgz
32 verbose request uri https://registry.npmjs.org/@hbg-digital%2fduration-parser
33 verbose request sending authorization for write operation
34 info attempt registry request try #1 at 6:58:51 PM
35 verbose request using bearer token for auth
36 verbose request id d21d57b934b6d5d0
37 http request PUT https://registry.npmjs.org/@hbg-digital%2fduration-parser
38 http 404 https://registry.npmjs.org/@hbg-digital%2fduration-parser
39 verbose headers { 'content-type': 'application/json',
39 verbose headers   'cache-control': 'max-age=0',
39 verbose headers   'content-length': '21',
39 verbose headers   'accept-ranges': 'bytes',
39 verbose headers   date: 'Sun, 01 May 2016 22:58:53 GMT',
39 verbose headers   via: '1.1 varnish',
39 verbose headers   connection: 'keep-alive',
39 verbose headers   'x-served-by': 'cache-jfk1020-JFK',
39 verbose headers   'x-cache': 'MISS',
39 verbose headers   'x-cache-hits': '0',
39 verbose headers   'x-timer': 'S1462143532.576713,VS0,VE844' }
40 verbose request invalidating /Users/chriz/.npm/registry.npmjs.org/_40hbg-digital_252fduration-parser on PUT
41 error publish Failed PUT 404
42 verbose stack Error: Not found : @hbg-digital/duration-parser
42 verbose stack     at makeError (/Users/chriz/.nvm/versions/node/v5.10.1/lib/node_modules/npm/node_modules/npm-registry-client/lib/request.js:264:12)
42 verbose stack     at CachingRegistryClient.<anonymous> (/Users/chriz/.nvm/versions/node/v5.10.1/lib/node_modules/npm/node_modules/npm-registry-client/lib/request.js:252:14)
42 verbose stack     at Request._callback (/Users/chriz/.nvm/versions/node/v5.10.1/lib/node_modules/npm/node_modules/npm-registry-client/lib/request.js:172:14)
42 verbose stack     at Request.self.callback (/Users/chriz/.nvm/versions/node/v5.10.1/lib/node_modules/npm/node_modules/request/request.js:199:22)
42 verbose stack     at emitTwo (events.js:100:13)
42 verbose stack     at Request.emit (events.js:185:7)
42 verbose stack     at Request.<anonymous> (/Users/chriz/.nvm/versions/node/v5.10.1/lib/node_modules/npm/node_modules/request/request.js:1036:10)
42 verbose stack     at emitOne (events.js:95:20)
42 verbose stack     at Request.emit (events.js:182:7)
42 verbose stack     at IncomingMessage.<anonymous> (/Users/chriz/.nvm/versions/node/v5.10.1/lib/node_modules/npm/node_modules/request/request.js:963:12)
43 verbose statusCode 404
44 verbose pkgid @hbg-digital/duration-parser
45 verbose cwd /Users/chriz/Desktop/work/hbg-duration-parser
46 error Darwin 14.5.0
47 error argv "/Users/chriz/.nvm/versions/node/v5.10.1/bin/node" "/Users/chriz/.nvm/versions/node/v5.10.1/bin/npm" "publish"
48 error node v5.10.1
49 error npm  v3.8.3
50 error code E404
51 error 404 Not found : @hbg-digital/duration-parser
52 error 404
53 error 404 '@hbg-digital/duration-parser' is not in the npm registry.
54 error 404 You should bug the author to publish it (or use the name yourself!)
55 error 404 Note that you can also install from a
56 error 404 tarball, folder, http url, or git url.
57 verbose exit [ 1, true ]
